<?xml version="1.0" encoding="UTF-8"?>
<!-- Generated by org.testng.reporters.JUnitReportReporter -->
<testsuite skipped="0" hostname="zhaoxia-PC" name="testPackage.TestClass" tests="2" failures="0" timestamp="09 May 2018 22:12:09 GMT" time="74.235" errors="0">
  <testcase name="UserStory2" time="35.097" classname="testPackage.TestClass"/>
  <testcase name="UserStory1" time="39.138" classname="testPackage.TestClass"/>
</testsuite> <!-- testPackage.TestClass -->
